+ module load mkl/2020.4.304 openmpi/4.0.5-nvhpc22.9
++ /usr/share/lmod/lmod/libexec/lmod bash load mkl/2020.4.304 openmpi/4.0.5-nvhpc22.9
+ eval 'CC=/opt/packages/nvidia/hpc_sdk//Linux_x86_64/22.9/compilers/bin/nvc;' export 'CC;' '__LMOD_REF_COUNT_CPATH=/opt/packages/nvidia/hpc_sdk/Linux_x86_64/22.9/compilers/extras/qd/include/qd:1\;/opt/packages/nvidia/hpc_sdk/Linux_x86_64/22.9/comm_libs/nvshmem/include:1\;/opt/packages/nvidia/hpc_sdk/Linux_x86_64/22.9/comm_libs/nccl/include:1\;/opt/packages/nvidia/hpc_sdk/Linux_x86_64/22.9/comm_libs/mpi/include:1\;/opt/packages/nvidia/hpc_sdk/Linux_x86_64/22.9/math_libs/include:1\;/opt/intel/compilers_and_libraries_2020.4.304/linux/mkl/include:1;' export '__LMOD_REF_COUNT_CPATH;' 'CPATH=/opt/packages/nvidia/hpc_sdk/Linux_x86_64/22.9/compilers/extras/qd/include/qd:/opt/packages/nvidia/hpc_sdk/Linux_x86_64/22.9/comm_libs/nvshmem/include:/opt/packages/nvidia/hpc_sdk/Linux_x86_64/22.9/comm_libs/nccl/include:/opt/packages/nvidia/hpc_sdk/Linux_x86_64/22.9/comm_libs/mpi/include:/opt/packages/nvidia/hpc_sdk/Linux_x86_64/22.9/math_libs/include:/opt/intel/compilers_and_libraries_2020.4.304/linux/mkl/include;' export 'CPATH;' 'CPP=cpp;' export 'CPP;' 'CXX=/opt/packages/nvidia/hpc_sdk//Linux_x86_64/22.9/compilers/bin/nvc++;' export 'CXX;' 'DEFCUDAVERSION=11.7;' export 'DEFCUDAVERSION;' 'F77=/opt/packages/nvidia/hpc_sdk//Linux_x86_64/22.9/compilers/bin/nvfortran;' export 'F77;' 'F90=/opt/packages/nvidia/hpc_sdk//Linux_x86_64/22.9/compilers/bin/nvfortran;' export 'F90;' 'FC=/opt/packages/nvidia/hpc_sdk//Linux_x86_64/22.9/compilers/bin/nvfortran;' export 'FC;' '__LMOD_REF_COUNT_LD_LIBRARY_PATH=/opt/packages/nvidia/hpc_sdk/Linux_x86_64/22.9/comm_libs/nvshmem/lib:1\;/opt/packages/nvidia/hpc_sdk/Linux_x86_64/22.9/comm_libs/nccl/lib:1\;/opt/packages/nvidia/hpc_sdk/Linux_x86_64/22.9/comm_libs/mpi/lib:1\;/opt/packages/nvidia/hpc_sdk/Linux_x86_64/22.9/math_libs/lib64:1\;/opt/packages/nvidia/hpc_sdk/Linux_x86_64/22.9/compilers/lib:1\;/opt/packages/nvidia/hpc_sdk/Linux_x86_64/22.9/compilers/extras/qd/lib:1\;/opt/packages/nvidia/hpc_sdk/Linux_x86_64/22.9/cuda/extras/CUPTI/lib64:1\;/opt/packages/nvidia/hpc_sdk/Linux_x86_64/22.9/cuda/lib64:1\;/opt/intel/compilers_and_libraries_2020.4.304/linux/tbb/lib/intel64_lin/gcc4.7:1\;/opt/intel/compilers_and_libraries_2020.4.304/linux/compiler/lib/intel64_lin:1\;/opt/intel/compilers_and_libraries_2020.4.304/linux/mkl/lib/intel64_lin:1;' export '__LMOD_REF_COUNT_LD_LIBRARY_PATH;' 'LD_LIBRARY_PATH=/opt/packages/nvidia/hpc_sdk/Linux_x86_64/22.9/comm_libs/nvshmem/lib:/opt/packages/nvidia/hpc_sdk/Linux_x86_64/22.9/comm_libs/nccl/lib:/opt/packages/nvidia/hpc_sdk/Linux_x86_64/22.9/comm_libs/mpi/lib:/opt/packages/nvidia/hpc_sdk/Linux_x86_64/22.9/math_libs/lib64:/opt/packages/nvidia/hpc_sdk/Linux_x86_64/22.9/compilers/lib:/opt/packages/nvidia/hpc_sdk/Linux_x86_64/22.9/compilers/extras/qd/lib:/opt/packages/nvidia/hpc_sdk/Linux_x86_64/22.9/cuda/extras/CUPTI/lib64:/opt/packages/nvidia/hpc_sdk/Linux_x86_64/22.9/cuda/lib64:/opt/intel/compilers_and_libraries_2020.4.304/linux/tbb/lib/intel64_lin/gcc4.7:/opt/intel/compilers_and_libraries_2020.4.304/linux/compiler/lib/intel64_lin:/opt/intel/compilers_and_libraries_2020.4.304/linux/mkl/lib/intel64_lin;' export 'LD_LIBRARY_PATH;' '__LMOD_REF_COUNT_LIBRARY_PATH=/opt/intel/compilers_and_libraries_2020.4.304/linux/tbb/lib/intel64_lin/gcc4.7:1\;/opt/intel/compilers_and_libraries_2020.4.304/linux/compiler/lib/intel64_lin:1\;/opt/intel/compilers_and_libraries_2020.4.304/linux/mkl/lib/intel64_lin:1;' export '__LMOD_REF_COUNT_LIBRARY_PATH;' 'LIBRARY_PATH=/opt/intel/compilers_and_libraries_2020.4.304/linux/tbb/lib/intel64_lin/gcc4.7:/opt/intel/compilers_and_libraries_2020.4.304/linux/compiler/lib/intel64_lin:/opt/intel/compilers_and_libraries_2020.4.304/linux/mkl/lib/intel64_lin;' export 'LIBRARY_PATH;' '__LMOD_REF_COUNT_LOADEDMODULES=allocations/1.0:1\;psc.allocations.user/1.0:1\;mkl/2020.4.304:1\;openmpi/4.0.5-nvhpc22.9:1;' export '__LMOD_REF_COUNT_LOADEDMODULES;' 'LOADEDMODULES=allocations/1.0:psc.allocations.user/1.0:mkl/2020.4.304:openmpi/4.0.5-nvhpc22.9;' export 'LOADEDMODULES;' '__LMOD_REF_COUNT_MANPATH=/opt/packages/nvidia/hpc_sdk/Linux_x86_64/22.9/compilers/man:1\;/usr/share/lmod/lmod/share/man:1\;/opt/puppetlabs/puppet/share/man:1;' export '__LMOD_REF_COUNT_MANPATH;' 'MANPATH=/opt/packages/nvidia/hpc_sdk/Linux_x86_64/22.9/compilers/man:/usr/share/lmod/lmod/share/man::/opt/puppetlabs/puppet/share/man;' export 'MANPATH;' '__LMOD_REF_COUNT_MKLROOT=/opt/intel/compilers_and_libraries_2020.4.304/linux/mkl:1;' export '__LMOD_REF_COUNT_MKLROOT;' 'MKLROOT=/opt/intel/compilers_and_libraries_2020.4.304/linux/mkl;' export 'MKLROOT;' 'MODULEPATH=/ocean/projects/bio220064p/hpeng1/opt/hpcx-2.13.1/modulefiles:/opt/modulefiles/production:/opt/modulefiles/preproduction:/opt/modulefiles/deprecated:/usr/share/modulefiles:/usr/share/modulefiles/Linux:/usr/share/modulefiles/Core:/usr/share/lmod/lmod/modulefiles/Core;' export 'MODULEPATH;' '__LMOD_REF_COUNT_NLSPATH=/opt/intel/compilers_and_libraries_2020.4.304/linux/mkl/lib/intel64_lin/locale/%l_%t/%N:1;' export '__LMOD_REF_COUNT_NLSPATH;' 'NLSPATH=/opt/intel/compilers_and_libraries_2020.4.304/linux/mkl/lib/intel64_lin/locale/%l_%t/%N;' export 'NLSPATH;' 'NVHPC=/opt/packages/nvidia/hpc_sdk/;' export 'NVHPC;' 'NVHPC_ROOT=/opt/packages/nvidia/hpc_sdk//Linux_x86_64/22.9;' export 'NVHPC_ROOT;' 'OMPI_MCA_btl_openib_warn_no_device_params_found=0;' export 'OMPI_MCA_btl_openib_warn_no_device_params_found;' 'OMPI_MCA_pml=\^ucx;' export 'OMPI_MCA_pml;' 'OPAL_PREFIX=/opt/packages/nvidia/hpc_sdk//Linux_x86_64/22.9/comm_libs/mpi;' export 'OPAL_PREFIX;' '__LMOD_REF_COUNT_PATH=/opt/packages/nvidia/hpc_sdk/Linux_x86_64/22.9/compilers/extras/qd/bin:1\;/opt/packages/nvidia/hpc_sdk/Linux_x86_64/22.9/comm_libs/mpi/bin:1\;/opt/packages/nvidia/hpc_sdk/Linux_x86_64/22.9/compilers/bin:1\;/opt/packages/nvidia/hpc_sdk/Linux_x86_64/22.9/cuda/bin:1\;/ocean/projects/bio220064p/hpeng1/opt/ploticus242/src:1\;/ocean/projects/bio220064p/hpeng1/opt/IPM_lib_intel_openMPI/bin:1\;/ocean/projects/bio220064p/hpeng1/opt/IPM_lib_intel_openMPI:1\;/ocean/projects/bio220064p/hpeng1/opt/spack/bin:1\;/jet/home/hpeng1/.local/bin:1\;/jet/home/hpeng1/bin:1\;/opt/packages/psc.allocations.user/bin:1\;/opt/packages/allocations/bin:1\;/usr/local/bin:1\;/usr/bin:1\;/usr/local/sbin:1\;/usr/sbin:1\;/opt/packages/interact/bin:1\;/opt/puppetlabs/bin:1;' export '__LMOD_REF_COUNT_PATH;' 'PATH=/opt/packages/nvidia/hpc_sdk/Linux_x86_64/22.9/compilers/extras/qd/bin:/opt/packages/nvidia/hpc_sdk/Linux_x86_64/22.9/comm_libs/mpi/bin:/opt/packages/nvidia/hpc_sdk/Linux_x86_64/22.9/compilers/bin:/opt/packages/nvidia/hpc_sdk/Linux_x86_64/22.9/cuda/bin:/ocean/projects/bio220064p/hpeng1/opt/ploticus242/src:/ocean/projects/bio220064p/hpeng1/opt/IPM_lib_intel_openMPI/bin:/ocean/projects/bio220064p/hpeng1/opt/IPM_lib_intel_openMPI:/ocean/projects/bio220064p/hpeng1/opt/spack/bin:/jet/home/hpeng1/.local/bin:/jet/home/hpeng1/bin:/opt/packages/psc.allocations.user/bin:/opt/packages/allocations/bin:/usr/local/bin:/usr/bin:/usr/local/sbin:/usr/sbin:/opt/packages/interact/bin:/opt/puppetlabs/bin;' export 'PATH;' '__LMOD_REF_COUNT_PKG_CONFIG_PATH=/opt/intel/compilers_and_libraries_2020.4.304/linux/mkl/bin/pkgconfig:1;' export '__LMOD_REF_COUNT_PKG_CONFIG_PATH;' 'PKG_CONFIG_PATH=/opt/intel/compilers_and_libraries_2020.4.304/linux/mkl/bin/pkgconfig;' export 'PKG_CONFIG_PATH;' 'SLURM_WHOLE=1;' export 'SLURM_WHOLE;' '__LMOD_REF_COUNT__LMFILES_=/opt/modulefiles/production/allocations/1.0.lua:1\;/opt/modulefiles/production/psc.allocations.user/1.0.lua:1\;/opt/modulefiles/production/mkl/2020.4.304.lua:1\;/opt/modulefiles/production/openmpi/4.0.5-nvhpc22.9:1;' export '__LMOD_REF_COUNT__LMFILES_;' '_LMFILES_=/opt/modulefiles/production/allocations/1.0.lua:/opt/modulefiles/production/psc.allocations.user/1.0.lua:/opt/modulefiles/production/mkl/2020.4.304.lua:/opt/modulefiles/production/openmpi/4.0.5-nvhpc22.9;' export '_LMFILES_;' '_ModuleTable001_=X01vZHVsZVRhYmxlXz17WyJNVHZlcnNpb24iXT0zLFsiY19yZWJ1aWxkVGltZSJdPWZhbHNlLFsiY19zaG9ydFRpbWUiXT1mYWxzZSxkZXB0aFQ9e30sZmFtaWx5PXt9LG1UPXthbGxvY2F0aW9ucz17WyJmbiJdPSIvb3B0L21vZHVsZWZpbGVzL3Byb2R1Y3Rpb24vYWxsb2NhdGlvbnMvMS4wLmx1YSIsWyJmdWxsTmFtZSJdPSJhbGxvY2F0aW9ucy8xLjAiLFsibG9hZE9yZGVyIl09MSxwcm9wVD17fSxbInN0YWNrRGVwdGgiXT0wLFsic3RhdHVzIl09ImFjdGl2ZSIsWyJ1c2VyTmFtZSJdPSJhbGxvY2F0aW9ucyIsfSxta2w9e1siZm4iXT0iL29wdC9tb2R1bGVmaWxlcy9wcm9kdWN0aW9uL21rbC8yMDIwLjQuMzA0Lmx1YSIsWyJmdWxsTmFtZSJdPSJta2wvMjAyMC40LjMwNCIs;' export '_ModuleTable001_;' '_ModuleTable002_=WyJsb2FkT3JkZXIiXT0zLHByb3BUPXt9LFsic3RhY2tEZXB0aCJdPTAsWyJzdGF0dXMiXT0iYWN0aXZlIixbInVzZXJOYW1lIl09Im1rbC8yMDIwLjQuMzA0Iix9LG9wZW5tcGk9e1siZm4iXT0iL29wdC9tb2R1bGVmaWxlcy9wcm9kdWN0aW9uL29wZW5tcGkvNC4wLjUtbnZocGMyMi45IixbImZ1bGxOYW1lIl09Im9wZW5tcGkvNC4wLjUtbnZocGMyMi45IixbImxvYWRPcmRlciJdPTQscHJvcFQ9e30sWyJzdGFja0RlcHRoIl09MCxbInN0YXR1cyJdPSJhY3RpdmUiLFsidXNlck5hbWUiXT0ib3Blbm1waS80LjAuNS1udmhwYzIyLjkiLH0sWyJwc2MuYWxsb2NhdGlvbnMudXNlciJdPXtbImZuIl09Ii9vcHQvbW9kdWxlZmlsZXMvcHJvZHVjdGlvbi9wc2MuYWxsb2NhdGlvbnMu;' export '_ModuleTable002_;' '_ModuleTable003_=dXNlci8xLjAubHVhIixbImZ1bGxOYW1lIl09InBzYy5hbGxvY2F0aW9ucy51c2VyLzEuMCIsWyJsb2FkT3JkZXIiXT0yLHByb3BUPXt9LFsic3RhY2tEZXB0aCJdPTAsWyJzdGF0dXMiXT0iYWN0aXZlIixbInVzZXJOYW1lIl09InBzYy5hbGxvY2F0aW9ucy51c2VyIix9LH0sbXBhdGhBPXsiL29jZWFuL3Byb2plY3RzL2JpbzIyMDA2NHAvaHBlbmcxL29wdC9ocGN4LTIuMTMuMS9tb2R1bGVmaWxlcyIsIi9vcHQvbW9kdWxlZmlsZXMvcHJvZHVjdGlvbiIsIi9vcHQvbW9kdWxlZmlsZXMvcHJlcHJvZHVjdGlvbiIsIi9vcHQvbW9kdWxlZmlsZXMvZGVwcmVjYXRlZCIsIi91c3Ivc2hhcmUvbW9kdWxlZmlsZXMiLCIvdXNyL3NoYXJlL21vZHVsZWZpbGVzL0xpbnV4IiwiL3Vzci9z;' export '_ModuleTable003_;' '_ModuleTable004_=aGFyZS9tb2R1bGVmaWxlcy9Db3JlIiwiL3Vzci9zaGFyZS9sbW9kL2xtb2QvbW9kdWxlZmlsZXMvQ29yZSIsfSxbInN5c3RlbUJhc2VNUEFUSCJdPSIvb3B0L21vZHVsZWZpbGVzL3Byb2R1Y3Rpb246L29wdC9tb2R1bGVmaWxlcy9wcmVwcm9kdWN0aW9uOi9vcHQvbW9kdWxlZmlsZXMvZGVwcmVjYXRlZDovdXNyL3NoYXJlL21vZHVsZWZpbGVzOi91c3Ivc2hhcmUvbW9kdWxlZmlsZXMvTGludXg6L3Vzci9zaGFyZS9tb2R1bGVmaWxlcy9Db3JlOi91c3Ivc2hhcmUvbG1vZC9sbW9kL21vZHVsZWZpbGVzL0NvcmUiLH0=;' export '_ModuleTable004_;' '_ModuleTable_Sz_=4;' export '_ModuleTable_Sz_;'
++ CC=/opt/packages/nvidia/hpc_sdk//Linux_x86_64/22.9/compilers/bin/nvc
++ export CC
++ __LMOD_REF_COUNT_CPATH='/opt/packages/nvidia/hpc_sdk/Linux_x86_64/22.9/compilers/extras/qd/include/qd:1;/opt/packages/nvidia/hpc_sdk/Linux_x86_64/22.9/comm_libs/nvshmem/include:1;/opt/packages/nvidia/hpc_sdk/Linux_x86_64/22.9/comm_libs/nccl/include:1;/opt/packages/nvidia/hpc_sdk/Linux_x86_64/22.9/comm_libs/mpi/include:1;/opt/packages/nvidia/hpc_sdk/Linux_x86_64/22.9/math_libs/include:1;/opt/intel/compilers_and_libraries_2020.4.304/linux/mkl/include:1'
++ export __LMOD_REF_COUNT_CPATH
++ CPATH=/opt/packages/nvidia/hpc_sdk/Linux_x86_64/22.9/compilers/extras/qd/include/qd:/opt/packages/nvidia/hpc_sdk/Linux_x86_64/22.9/comm_libs/nvshmem/include:/opt/packages/nvidia/hpc_sdk/Linux_x86_64/22.9/comm_libs/nccl/include:/opt/packages/nvidia/hpc_sdk/Linux_x86_64/22.9/comm_libs/mpi/include:/opt/packages/nvidia/hpc_sdk/Linux_x86_64/22.9/math_libs/include:/opt/intel/compilers_and_libraries_2020.4.304/linux/mkl/include
++ export CPATH
++ CPP=cpp
++ export CPP
++ CXX=/opt/packages/nvidia/hpc_sdk//Linux_x86_64/22.9/compilers/bin/nvc++
++ export CXX
++ DEFCUDAVERSION=11.7
++ export DEFCUDAVERSION
++ F77=/opt/packages/nvidia/hpc_sdk//Linux_x86_64/22.9/compilers/bin/nvfortran
++ export F77
++ F90=/opt/packages/nvidia/hpc_sdk//Linux_x86_64/22.9/compilers/bin/nvfortran
++ export F90
++ FC=/opt/packages/nvidia/hpc_sdk//Linux_x86_64/22.9/compilers/bin/nvfortran
++ export FC
++ __LMOD_REF_COUNT_LD_LIBRARY_PATH='/opt/packages/nvidia/hpc_sdk/Linux_x86_64/22.9/comm_libs/nvshmem/lib:1;/opt/packages/nvidia/hpc_sdk/Linux_x86_64/22.9/comm_libs/nccl/lib:1;/opt/packages/nvidia/hpc_sdk/Linux_x86_64/22.9/comm_libs/mpi/lib:1;/opt/packages/nvidia/hpc_sdk/Linux_x86_64/22.9/math_libs/lib64:1;/opt/packages/nvidia/hpc_sdk/Linux_x86_64/22.9/compilers/lib:1;/opt/packages/nvidia/hpc_sdk/Linux_x86_64/22.9/compilers/extras/qd/lib:1;/opt/packages/nvidia/hpc_sdk/Linux_x86_64/22.9/cuda/extras/CUPTI/lib64:1;/opt/packages/nvidia/hpc_sdk/Linux_x86_64/22.9/cuda/lib64:1;/opt/intel/compilers_and_libraries_2020.4.304/linux/tbb/lib/intel64_lin/gcc4.7:1;/opt/intel/compilers_and_libraries_2020.4.304/linux/compiler/lib/intel64_lin:1;/opt/intel/compilers_and_libraries_2020.4.304/linux/mkl/lib/intel64_lin:1'
++ export __LMOD_REF_COUNT_LD_LIBRARY_PATH
++ LD_LIBRARY_PATH=/opt/packages/nvidia/hpc_sdk/Linux_x86_64/22.9/comm_libs/nvshmem/lib:/opt/packages/nvidia/hpc_sdk/Linux_x86_64/22.9/comm_libs/nccl/lib:/opt/packages/nvidia/hpc_sdk/Linux_x86_64/22.9/comm_libs/mpi/lib:/opt/packages/nvidia/hpc_sdk/Linux_x86_64/22.9/math_libs/lib64:/opt/packages/nvidia/hpc_sdk/Linux_x86_64/22.9/compilers/lib:/opt/packages/nvidia/hpc_sdk/Linux_x86_64/22.9/compilers/extras/qd/lib:/opt/packages/nvidia/hpc_sdk/Linux_x86_64/22.9/cuda/extras/CUPTI/lib64:/opt/packages/nvidia/hpc_sdk/Linux_x86_64/22.9/cuda/lib64:/opt/intel/compilers_and_libraries_2020.4.304/linux/tbb/lib/intel64_lin/gcc4.7:/opt/intel/compilers_and_libraries_2020.4.304/linux/compiler/lib/intel64_lin:/opt/intel/compilers_and_libraries_2020.4.304/linux/mkl/lib/intel64_lin
++ export LD_LIBRARY_PATH
++ __LMOD_REF_COUNT_LIBRARY_PATH='/opt/intel/compilers_and_libraries_2020.4.304/linux/tbb/lib/intel64_lin/gcc4.7:1;/opt/intel/compilers_and_libraries_2020.4.304/linux/compiler/lib/intel64_lin:1;/opt/intel/compilers_and_libraries_2020.4.304/linux/mkl/lib/intel64_lin:1'
++ export __LMOD_REF_COUNT_LIBRARY_PATH
++ LIBRARY_PATH=/opt/intel/compilers_and_libraries_2020.4.304/linux/tbb/lib/intel64_lin/gcc4.7:/opt/intel/compilers_and_libraries_2020.4.304/linux/compiler/lib/intel64_lin:/opt/intel/compilers_and_libraries_2020.4.304/linux/mkl/lib/intel64_lin
++ export LIBRARY_PATH
++ __LMOD_REF_COUNT_LOADEDMODULES='allocations/1.0:1;psc.allocations.user/1.0:1;mkl/2020.4.304:1;openmpi/4.0.5-nvhpc22.9:1'
++ export __LMOD_REF_COUNT_LOADEDMODULES
++ LOADEDMODULES=allocations/1.0:psc.allocations.user/1.0:mkl/2020.4.304:openmpi/4.0.5-nvhpc22.9
++ export LOADEDMODULES
++ __LMOD_REF_COUNT_MANPATH='/opt/packages/nvidia/hpc_sdk/Linux_x86_64/22.9/compilers/man:1;/usr/share/lmod/lmod/share/man:1;/opt/puppetlabs/puppet/share/man:1'
++ export __LMOD_REF_COUNT_MANPATH
++ MANPATH=/opt/packages/nvidia/hpc_sdk/Linux_x86_64/22.9/compilers/man:/usr/share/lmod/lmod/share/man::/opt/puppetlabs/puppet/share/man
++ export MANPATH
++ __LMOD_REF_COUNT_MKLROOT=/opt/intel/compilers_and_libraries_2020.4.304/linux/mkl:1
++ export __LMOD_REF_COUNT_MKLROOT
++ MKLROOT=/opt/intel/compilers_and_libraries_2020.4.304/linux/mkl
++ export MKLROOT
++ MODULEPATH=/ocean/projects/bio220064p/hpeng1/opt/hpcx-2.13.1/modulefiles:/opt/modulefiles/production:/opt/modulefiles/preproduction:/opt/modulefiles/deprecated:/usr/share/modulefiles:/usr/share/modulefiles/Linux:/usr/share/modulefiles/Core:/usr/share/lmod/lmod/modulefiles/Core
++ export MODULEPATH
++ __LMOD_REF_COUNT_NLSPATH=/opt/intel/compilers_and_libraries_2020.4.304/linux/mkl/lib/intel64_lin/locale/%l_%t/%N:1
++ export __LMOD_REF_COUNT_NLSPATH
++ NLSPATH=/opt/intel/compilers_and_libraries_2020.4.304/linux/mkl/lib/intel64_lin/locale/%l_%t/%N
++ export NLSPATH
++ NVHPC=/opt/packages/nvidia/hpc_sdk/
++ export NVHPC
++ NVHPC_ROOT=/opt/packages/nvidia/hpc_sdk//Linux_x86_64/22.9
++ export NVHPC_ROOT
++ OMPI_MCA_btl_openib_warn_no_device_params_found=0
++ export OMPI_MCA_btl_openib_warn_no_device_params_found
++ OMPI_MCA_pml='^ucx'
++ export OMPI_MCA_pml
++ OPAL_PREFIX=/opt/packages/nvidia/hpc_sdk//Linux_x86_64/22.9/comm_libs/mpi
++ export OPAL_PREFIX
++ __LMOD_REF_COUNT_PATH='/opt/packages/nvidia/hpc_sdk/Linux_x86_64/22.9/compilers/extras/qd/bin:1;/opt/packages/nvidia/hpc_sdk/Linux_x86_64/22.9/comm_libs/mpi/bin:1;/opt/packages/nvidia/hpc_sdk/Linux_x86_64/22.9/compilers/bin:1;/opt/packages/nvidia/hpc_sdk/Linux_x86_64/22.9/cuda/bin:1;/ocean/projects/bio220064p/hpeng1/opt/ploticus242/src:1;/ocean/projects/bio220064p/hpeng1/opt/IPM_lib_intel_openMPI/bin:1;/ocean/projects/bio220064p/hpeng1/opt/IPM_lib_intel_openMPI:1;/ocean/projects/bio220064p/hpeng1/opt/spack/bin:1;/jet/home/hpeng1/.local/bin:1;/jet/home/hpeng1/bin:1;/opt/packages/psc.allocations.user/bin:1;/opt/packages/allocations/bin:1;/usr/local/bin:1;/usr/bin:1;/usr/local/sbin:1;/usr/sbin:1;/opt/packages/interact/bin:1;/opt/puppetlabs/bin:1'
++ export __LMOD_REF_COUNT_PATH
++ PATH=/opt/packages/nvidia/hpc_sdk/Linux_x86_64/22.9/compilers/extras/qd/bin:/opt/packages/nvidia/hpc_sdk/Linux_x86_64/22.9/comm_libs/mpi/bin:/opt/packages/nvidia/hpc_sdk/Linux_x86_64/22.9/compilers/bin:/opt/packages/nvidia/hpc_sdk/Linux_x86_64/22.9/cuda/bin:/ocean/projects/bio220064p/hpeng1/opt/ploticus242/src:/ocean/projects/bio220064p/hpeng1/opt/IPM_lib_intel_openMPI/bin:/ocean/projects/bio220064p/hpeng1/opt/IPM_lib_intel_openMPI:/ocean/projects/bio220064p/hpeng1/opt/spack/bin:/jet/home/hpeng1/.local/bin:/jet/home/hpeng1/bin:/opt/packages/psc.allocations.user/bin:/opt/packages/allocations/bin:/usr/local/bin:/usr/bin:/usr/local/sbin:/usr/sbin:/opt/packages/interact/bin:/opt/puppetlabs/bin
++ export PATH
++ __LMOD_REF_COUNT_PKG_CONFIG_PATH=/opt/intel/compilers_and_libraries_2020.4.304/linux/mkl/bin/pkgconfig:1
++ export __LMOD_REF_COUNT_PKG_CONFIG_PATH
++ PKG_CONFIG_PATH=/opt/intel/compilers_and_libraries_2020.4.304/linux/mkl/bin/pkgconfig
++ export PKG_CONFIG_PATH
++ SLURM_WHOLE=1
++ export SLURM_WHOLE
++ __LMOD_REF_COUNT__LMFILES_='/opt/modulefiles/production/allocations/1.0.lua:1;/opt/modulefiles/production/psc.allocations.user/1.0.lua:1;/opt/modulefiles/production/mkl/2020.4.304.lua:1;/opt/modulefiles/production/openmpi/4.0.5-nvhpc22.9:1'
++ export __LMOD_REF_COUNT__LMFILES_
++ _LMFILES_=/opt/modulefiles/production/allocations/1.0.lua:/opt/modulefiles/production/psc.allocations.user/1.0.lua:/opt/modulefiles/production/mkl/2020.4.304.lua:/opt/modulefiles/production/openmpi/4.0.5-nvhpc22.9
++ export _LMFILES_
++ _ModuleTable001_=X01vZHVsZVRhYmxlXz17WyJNVHZlcnNpb24iXT0zLFsiY19yZWJ1aWxkVGltZSJdPWZhbHNlLFsiY19zaG9ydFRpbWUiXT1mYWxzZSxkZXB0aFQ9e30sZmFtaWx5PXt9LG1UPXthbGxvY2F0aW9ucz17WyJmbiJdPSIvb3B0L21vZHVsZWZpbGVzL3Byb2R1Y3Rpb24vYWxsb2NhdGlvbnMvMS4wLmx1YSIsWyJmdWxsTmFtZSJdPSJhbGxvY2F0aW9ucy8xLjAiLFsibG9hZE9yZGVyIl09MSxwcm9wVD17fSxbInN0YWNrRGVwdGgiXT0wLFsic3RhdHVzIl09ImFjdGl2ZSIsWyJ1c2VyTmFtZSJdPSJhbGxvY2F0aW9ucyIsfSxta2w9e1siZm4iXT0iL29wdC9tb2R1bGVmaWxlcy9wcm9kdWN0aW9uL21rbC8yMDIwLjQuMzA0Lmx1YSIsWyJmdWxsTmFtZSJdPSJta2wvMjAyMC40LjMwNCIs
++ export _ModuleTable001_
++ _ModuleTable002_=WyJsb2FkT3JkZXIiXT0zLHByb3BUPXt9LFsic3RhY2tEZXB0aCJdPTAsWyJzdGF0dXMiXT0iYWN0aXZlIixbInVzZXJOYW1lIl09Im1rbC8yMDIwLjQuMzA0Iix9LG9wZW5tcGk9e1siZm4iXT0iL29wdC9tb2R1bGVmaWxlcy9wcm9kdWN0aW9uL29wZW5tcGkvNC4wLjUtbnZocGMyMi45IixbImZ1bGxOYW1lIl09Im9wZW5tcGkvNC4wLjUtbnZocGMyMi45IixbImxvYWRPcmRlciJdPTQscHJvcFQ9e30sWyJzdGFja0RlcHRoIl09MCxbInN0YXR1cyJdPSJhY3RpdmUiLFsidXNlck5hbWUiXT0ib3Blbm1waS80LjAuNS1udmhwYzIyLjkiLH0sWyJwc2MuYWxsb2NhdGlvbnMudXNlciJdPXtbImZuIl09Ii9vcHQvbW9kdWxlZmlsZXMvcHJvZHVjdGlvbi9wc2MuYWxsb2NhdGlvbnMu
++ export _ModuleTable002_
++ _ModuleTable003_=dXNlci8xLjAubHVhIixbImZ1bGxOYW1lIl09InBzYy5hbGxvY2F0aW9ucy51c2VyLzEuMCIsWyJsb2FkT3JkZXIiXT0yLHByb3BUPXt9LFsic3RhY2tEZXB0aCJdPTAsWyJzdGF0dXMiXT0iYWN0aXZlIixbInVzZXJOYW1lIl09InBzYy5hbGxvY2F0aW9ucy51c2VyIix9LH0sbXBhdGhBPXsiL29jZWFuL3Byb2plY3RzL2JpbzIyMDA2NHAvaHBlbmcxL29wdC9ocGN4LTIuMTMuMS9tb2R1bGVmaWxlcyIsIi9vcHQvbW9kdWxlZmlsZXMvcHJvZHVjdGlvbiIsIi9vcHQvbW9kdWxlZmlsZXMvcHJlcHJvZHVjdGlvbiIsIi9vcHQvbW9kdWxlZmlsZXMvZGVwcmVjYXRlZCIsIi91c3Ivc2hhcmUvbW9kdWxlZmlsZXMiLCIvdXNyL3NoYXJlL21vZHVsZWZpbGVzL0xpbnV4IiwiL3Vzci9z
++ export _ModuleTable003_
++ _ModuleTable004_=aGFyZS9tb2R1bGVmaWxlcy9Db3JlIiwiL3Vzci9zaGFyZS9sbW9kL2xtb2QvbW9kdWxlZmlsZXMvQ29yZSIsfSxbInN5c3RlbUJhc2VNUEFUSCJdPSIvb3B0L21vZHVsZWZpbGVzL3Byb2R1Y3Rpb246L29wdC9tb2R1bGVmaWxlcy9wcmVwcm9kdWN0aW9uOi9vcHQvbW9kdWxlZmlsZXMvZGVwcmVjYXRlZDovdXNyL3NoYXJlL21vZHVsZWZpbGVzOi91c3Ivc2hhcmUvbW9kdWxlZmlsZXMvTGludXg6L3Vzci9zaGFyZS9tb2R1bGVmaWxlcy9Db3JlOi91c3Ivc2hhcmUvbG1vZC9sbW9kL21vZHVsZWZpbGVzL0NvcmUiLH0=
++ export _ModuleTable004_
++ _ModuleTable_Sz_=4
++ export _ModuleTable_Sz_
++ : -s sh
+ eval
+ ret=0
+ /usr/share/lmod/8.2.7/libexec/log_modules load mkl/2020.4.304 openmpi/4.0.5-nvhpc22.9
+ return 0
+ cd /jet/home/hpeng1/qe_john/CP-W256
+ mpirun -n 4 -x LD_PRELOAD=/ocean/projects/bio220064p/hpeng1/opt/IPM_lib_intel_openMPI/lib/libipm.so.0 /jet/home/hpeng1/qe_john/builds/qe-7.1-PSC-ompi-O3-with-scalapack-21.9/bin/cp.x -inp ./cp.in
Warning: ieee_invalid is signaling
Warning: ieee_underflow is signaling
Warning: ieee_inexact is signaling
    0
Warning: ieee_invalid is signaling
Warning: ieee_underflow is signaling
Warning: ieee_inexact is signaling
    0
Warning: ieee_invalid is signaling
Warning: ieee_underflow is signaling
Warning: ieee_inexact is signaling
    0
Warning: ieee_invalid is signaling
Warning: ieee_underflow is signaling
Warning: ieee_inexact is signaling
    0
